2026-03-13 23:16:42.827 | INFO     | app.middleware.logging:logging_middleware:12 - GET /health | 200 | 0.001s
2026-03-13 23:16:42.885 | INFO     | app.middleware.logging:logging_middleware:12 - GET /health | 200 | 0.0008s
2026-03-13 23:16:42.890 | INFO     | app.middleware.logging:logging_middleware:12 - GET /nonexistent-endpoint | 404 | 0.0006s
2026-03-13 23:16:42.966 | INFO     | app.middleware.logging:logging_middleware:12 - POST /auth/register | 422 | 0.0027s
2026-03-13 23:17:37.497 | INFO     | app.middleware.logging:logging_middleware:12 - GET /health | 200 | 0.0009s
2026-03-13 23:17:37.506 | INFO     | app.middleware.logging:logging_middleware:12 - GET /health | 200 | 0.0006s
2026-03-13 23:17:37.511 | INFO     | app.middleware.logging:logging_middleware:12 - GET /nonexistent-endpoint | 404 | 0.0004s
2026-03-13 23:17:37.517 | INFO     | app.middleware.logging:logging_middleware:12 - POST /auth/register | 422 | 0.0017s
2026-03-13 23:18:04.928 | INFO     | app.middleware.logging:logging_middleware:12 - GET /products/ | 200 | 0.311s
2026-03-13 23:18:04.980 | INFO     | app.middleware.logging:logging_middleware:12 - GET /products/ | 200 | 0.0027s
2026-03-13 23:18:05.662 | INFO     | app.middleware.logging:logging_middleware:12 - GET /products/ | 200 | 0.0048s
2026-03-13 23:18:05.676 | INFO     | app.middleware.logging:logging_middleware:12 - GET /products/ | 200 | 0.0052s
2026-03-13 23:19:21.776 | INFO     | app.middleware.logging:logging_middleware:12 - GET /products/ | 200 | 0.0035s
2026-03-13 23:19:51.703 | INFO     | app.middleware.logging:logging_middleware:12 - GET /products/ | 200 | 0.0158s
2026-03-13 23:19:51.716 | INFO     | app.middleware.logging:logging_middleware:12 - GET /products/ | 200 | 0.0015s
2026-03-13 23:19:51.726 | INFO     | app.middleware.logging:logging_middleware:12 - GET /products/3 | 200 | 0.0022s
2026-03-13 23:19:51.732 | INFO     | app.middleware.logging:logging_middleware:12 - GET /products/999 | 200 | 0.0017s
2026-03-13 23:19:51.807 | INFO     | app.middleware.logging:logging_middleware:12 - GET /products/ | 200 | 0.0021s
2026-03-13 23:19:51.817 | INFO     | app.middleware.logging:logging_middleware:12 - GET /products/ | 200 | 0.0032s
2026-03-13 23:20:42.428 | INFO     | app.middleware.logging:logging_middleware:12 - GET /products/ | 200 | 0.0151s
2026-03-13 23:20:42.440 | INFO     | app.middleware.logging:logging_middleware:12 - GET /products/ | 200 | 0.0014s
2026-03-13 23:20:42.518 | INFO     | app.middleware.logging:logging_middleware:12 - GET /products/3 | 200 | 0.0026s
2026-03-13 23:20:42.528 | INFO     | app.middleware.logging:logging_middleware:12 - GET /products/999 | 404 | 0.0018s
2026-03-13 23:20:42.537 | INFO     | app.middleware.logging:logging_middleware:12 - GET /products/ | 200 | 0.0022s
2026-03-13 23:20:42.549 | INFO     | app.middleware.logging:logging_middleware:12 - GET /products/ | 200 | 0.0025s
2026-03-13 23:22:57.692 | INFO     | app.middleware.logging:logging_middleware:12 - GET /products/ | 200 | 0.0036s
2026-03-13 23:22:57.698 | INFO     | app.middleware.logging:logging_middleware:12 - GET /products/ | 200 | 0.0027s
2026-03-13 23:23:11.486 | INFO     | app.middleware.logging:logging_middleware:12 - GET /products/ | 200 | 0.016s
2026-03-13 23:23:11.499 | INFO     | app.middleware.logging:logging_middleware:12 - GET /products/ | 200 | 0.0016s
2026-03-13 23:23:11.511 | INFO     | app.middleware.logging:logging_middleware:12 - GET /products/1 | 200 | 0.0023s
2026-03-13 23:23:11.519 | INFO     | app.middleware.logging:logging_middleware:12 - GET /products/999 | 404 | 0.0017s
2026-03-13 23:23:11.527 | INFO     | app.middleware.logging:logging_middleware:12 - GET /products/ | 200 | 0.0023s
2026-03-13 23:23:11.537 | INFO     | app.middleware.logging:logging_middleware:12 - GET /products/ | 200 | 0.0021s
2026-03-13 23:23:11.541 | INFO     | app.middleware.logging:logging_middleware:12 - GET /products/ | 200 | 0.0015s
2026-03-13 23:23:19.715 | INFO     | app.middleware.logging:logging_middleware:12 - POST /auth/register | 500 | 0.4551s
2026-03-13 23:23:20.224 | INFO     | app.middleware.logging:logging_middleware:12 - POST /auth/register | 500 | 0.4333s
2026-03-13 23:23:20.634 | INFO     | app.middleware.logging:logging_middleware:12 - POST /auth/register | 500 | 0.4018s
2026-03-13 23:23:20.640 | INFO     | app.middleware.logging:logging_middleware:12 - POST /auth/login | 500 | 0.0036s
2026-03-13 23:23:20.649 | INFO     | app.middleware.logging:logging_middleware:12 - POST /auth/login | 500 | 0.0021s
2026-03-13 23:23:20.657 | INFO     | app.middleware.logging:logging_middleware:12 - POST /auth/register | 422 | 0.002s
2026-03-13 23:25:12.095 | INFO     | app.middleware.logging:logging_middleware:12 - POST /auth/register | 200 | 0.4516s
2026-03-13 23:26:17.010 | INFO     | app.middleware.logging:logging_middleware:12 - POST /auth/register | 200 | 0.4527s
2026-03-13 23:26:46.203 | INFO     | app.middleware.logging:logging_middleware:12 - POST /auth/register | 500 | 0.4602s
2026-03-13 23:26:46.678 | INFO     | app.middleware.logging:logging_middleware:12 - POST /auth/register | 500 | 0.4019s
2026-03-13 23:26:47.090 | INFO     | app.middleware.logging:logging_middleware:12 - POST /auth/register | 500 | 0.4057s
2026-03-13 23:26:47.098 | INFO     | app.middleware.logging:logging_middleware:12 - POST /auth/login | 500 | 0.0042s
2026-03-13 23:26:47.114 | INFO     | app.middleware.logging:logging_middleware:12 - POST /auth/login | 500 | 0.0031s
2026-03-13 23:26:47.124 | INFO     | app.middleware.logging:logging_middleware:12 - POST /auth/register | 422 | 0.0017s
2026-03-13 23:28:54.510 | INFO     | app.middleware.logging:logging_middleware:12 - POST /auth/register | 500 | 0.7119s
2026-03-13 23:29:30.528 | INFO     | app.middleware.logging:logging_middleware:12 - POST /auth/register | 200 | 0.4532s
2026-03-13 23:29:30.938 | INFO     | app.middleware.logging:logging_middleware:12 - POST /auth/register | 200 | 0.4009s
2026-03-13 23:29:31.339 | INFO     | app.middleware.logging:logging_middleware:12 - POST /auth/register | 500 | 0.3986s
2026-03-13 23:29:31.810 | INFO     | app.middleware.logging:logging_middleware:12 - POST /auth/register | 200 | 0.3996s
2026-03-13 23:29:32.221 | INFO     | app.middleware.logging:logging_middleware:12 - POST /auth/login | 200 | 0.4089s
2026-03-13 23:29:32.230 | INFO     | app.middleware.logging:logging_middleware:12 - POST /auth/login | 401 | 0.0021s
2026-03-13 23:29:32.237 | INFO     | app.middleware.logging:logging_middleware:12 - POST /auth/register | 422 | 0.0019s
2026-03-13 23:29:58.253 | INFO     | app.middleware.logging:logging_middleware:12 - POST /auth/register | 200 | 0.4576s
2026-03-13 23:29:58.662 | INFO     | app.middleware.logging:logging_middleware:12 - POST /auth/register | 200 | 0.4003s
2026-03-13 23:29:59.064 | INFO     | app.middleware.logging:logging_middleware:12 - POST /auth/register | 400 | 0.3999s
2026-03-13 23:29:59.471 | INFO     | app.middleware.logging:logging_middleware:12 - POST /auth/register | 200 | 0.4008s
2026-03-13 23:29:59.885 | INFO     | app.middleware.logging:logging_middleware:12 - POST /auth/login | 200 | 0.4116s
2026-03-13 23:29:59.899 | INFO     | app.middleware.logging:logging_middleware:12 - POST /auth/login | 401 | 0.0034s
2026-03-13 23:29:59.909 | INFO     | app.middleware.logging:logging_middleware:12 - POST /auth/register | 422 | 0.0019s
2026-03-13 23:30:30.369 | INFO     | app.middleware.logging:logging_middleware:12 - POST /auth/register | 200 | 0.4607s
2026-03-13 23:30:30.782 | INFO     | app.middleware.logging:logging_middleware:12 - POST /auth/register | 200 | 0.4047s
2026-03-13 23:30:31.186 | INFO     | app.middleware.logging:logging_middleware:12 - POST /auth/register | 400 | 0.4019s
2026-03-13 23:30:31.592 | INFO     | app.middleware.logging:logging_middleware:12 - POST /auth/register | 200 | 0.3999s
2026-03-13 23:30:32.007 | INFO     | app.middleware.logging:logging_middleware:12 - POST /auth/login | 200 | 0.4131s
2026-03-13 23:30:32.015 | INFO     | app.middleware.logging:logging_middleware:12 - POST /auth/login | 401 | 0.0022s
2026-03-13 23:30:32.023 | INFO     | app.middleware.logging:logging_middleware:12 - POST /auth/register | 422 | 0.0018s
2026-03-13 23:30:32.033 | INFO     | app.middleware.logging:logging_middleware:12 - GET /discounts/ | 200 | 0.0022s
2026-03-13 23:30:33.402 | INFO     | app.middleware.logging:logging_middleware:12 - POST /auth/login | 200 | 0.9591s
2026-03-13 23:30:34.123 | INFO     | app.middleware.logging:logging_middleware:12 - POST /auth/register | 200 | 0.4025s
2026-03-13 23:30:34.525 | INFO     | app.middleware.logging:logging_middleware:12 - POST /auth/login | 200 | 0.3992s
2026-03-13 23:30:34.759 | INFO     | app.middleware.logging:logging_middleware:12 - GET /discounts/1 | 200 | 0.0019s
2026-03-13 23:30:35.565 | INFO     | app.middleware.logging:logging_middleware:12 - POST /auth/login | 200 | 0.3991s
2026-03-13 23:30:36.591 | INFO     | app.middleware.logging:logging_middleware:12 - POST /auth/login | 200 | 0.4033s
2026-03-13 23:30:36.827 | INFO     | app.middleware.logging:logging_middleware:12 - GET /health | 200 | 0.0009s
2026-03-13 23:30:36.833 | INFO     | app.middleware.logging:logging_middleware:12 - GET /health | 200 | 0.0008s
2026-03-13 23:30:36.838 | INFO     | app.middleware.logging:logging_middleware:12 - GET /nonexistent-endpoint | 404 | 0.0006s
2026-03-13 23:30:36.845 | INFO     | app.middleware.logging:logging_middleware:12 - POST /auth/register | 422 | 0.0019s
2026-03-13 23:30:36.851 | INFO     | app.middleware.logging:logging_middleware:12 - POST /orders/ | 401 | 0.0015s
2026-03-13 23:30:37.258 | INFO     | app.middleware.logging:logging_middleware:12 - POST /auth/register | 200 | 0.3998s
2026-03-13 23:30:37.658 | INFO     | app.middleware.logging:logging_middleware:12 - POST /auth/login | 200 | 0.3974s
2026-03-13 23:30:38.280 | INFO     | app.middleware.logging:logging_middleware:12 - POST /auth/register | 200 | 0.3985s
2026-03-13 23:30:38.680 | INFO     | app.middleware.logging:logging_middleware:12 - POST /auth/login | 200 | 0.3974s
2026-03-13 23:30:39.470 | INFO     | app.middleware.logging:logging_middleware:12 - POST /auth/register | 200 | 0.4739s
2026-03-13 23:30:39.873 | INFO     | app.middleware.logging:logging_middleware:12 - POST /auth/login | 200 | 0.4006s
2026-03-13 23:30:40.922 | INFO     | app.middleware.logging:logging_middleware:12 - POST /auth/register | 400 | 0.4007s
2026-03-13 23:30:41.327 | INFO     | app.middleware.logging:logging_middleware:12 - POST /auth/login | 200 | 0.4035s
2026-03-13 23:30:42.779 | INFO     | app.middleware.logging:logging_middleware:12 - POST /auth/register | 400 | 0.4261s
2026-03-13 23:30:43.181 | INFO     | app.middleware.logging:logging_middleware:12 - POST /auth/login | 200 | 0.3993s
2026-03-13 23:30:43.409 | INFO     | app.middleware.logging:logging_middleware:12 - GET /products/ | 200 | 0.0019s
2026-03-13 23:30:43.424 | INFO     | app.middleware.logging:logging_middleware:12 - GET /products/ | 200 | 0.0016s
2026-03-13 23:30:43.454 | INFO     | app.middleware.logging:logging_middleware:12 - GET /products/1 | 200 | 0.002s
2026-03-13 23:30:43.462 | INFO     | app.middleware.logging:logging_middleware:12 - GET /products/999 | 404 | 0.0017s
2026-03-13 23:30:43.472 | INFO     | app.middleware.logging:logging_middleware:12 - GET /products/ | 200 | 0.0029s
2026-03-13 23:30:43.482 | INFO     | app.middleware.logging:logging_middleware:12 - GET /products/ | 200 | 0.0024s
2026-03-13 23:30:43.486 | INFO     | app.middleware.logging:logging_middleware:12 - GET /products/ | 200 | 0.0016s
2026-03-13 23:31:57.966 | INFO     | app.middleware.logging:logging_middleware:12 - POST /auth/register | 200 | 0.4451s
2026-03-13 23:31:58.378 | INFO     | app.middleware.logging:logging_middleware:12 - POST /auth/login | 200 | 0.4092s
2026-03-13 23:32:38.873 | INFO     | app.middleware.logging:logging_middleware:12 - POST /auth/register | 200 | 0.4472s
2026-03-13 23:32:39.284 | INFO     | app.middleware.logging:logging_middleware:12 - POST /auth/login | 200 | 0.4076s
2026-03-13 23:32:58.433 | INFO     | app.middleware.logging:logging_middleware:12 - POST /orders/ | 200 | 19.1448s
2026-03-13 23:33:48.851 | INFO     | app.middleware.logging:logging_middleware:12 - POST /orders/ | 401 | 0.0019s
2026-03-13 23:33:49.318 | INFO     | app.middleware.logging:logging_middleware:12 - POST /auth/register | 200 | 0.4419s
2026-03-13 23:33:49.733 | INFO     | app.middleware.logging:logging_middleware:12 - POST /auth/login | 200 | 0.4128s
2026-03-13 23:34:08.925 | INFO     | app.middleware.logging:logging_middleware:12 - POST /orders/ | 200 | 19.1867s
2026-03-13 23:34:09.365 | INFO     | app.middleware.logging:logging_middleware:12 - POST /auth/register | 200 | 0.4132s
2026-03-13 23:34:09.775 | INFO     | app.middleware.logging:logging_middleware:12 - POST /auth/login | 200 | 0.4075s
2026-03-13 23:34:28.903 | INFO     | app.middleware.logging:logging_middleware:12 - POST /orders/ | 200 | 19.1239s
2026-03-13 23:34:29.333 | INFO     | app.middleware.logging:logging_middleware:12 - POST /auth/register | 200 | 0.4183s
2026-03-13 23:34:29.748 | INFO     | app.middleware.logging:logging_middleware:12 - POST /auth/login | 200 | 0.4129s
2026-03-13 23:34:29.752 | INFO     | app.middleware.logging:logging_middleware:12 - POST /orders/ | 400 | 0.0022s
2026-03-13 23:34:29.757 | INFO     | app.middleware.logging:logging_middleware:12 - POST /orders/ | 400 | 0.0021s
2026-03-13 23:34:30.577 | INFO     | app.middleware.logging:logging_middleware:12 - POST /auth/register | 400 | 0.407s
2026-03-13 23:34:30.982 | INFO     | app.middleware.logging:logging_middleware:12 - POST /auth/login | 200 | 0.4025s
2026-03-13 23:34:30.988 | INFO     | app.middleware.logging:logging_middleware:12 - GET /orders/track/1 | 200 | 0.0034s
2026-03-13 23:34:32.220 | INFO     | app.middleware.logging:logging_middleware:12 - POST /auth/register | 400 | 0.4127s
2026-03-13 23:34:32.623 | INFO     | app.middleware.logging:logging_middleware:12 - POST /auth/login | 200 | 0.4007s
2026-03-13 23:34:32.629 | INFO     | app.middleware.logging:logging_middleware:12 - GET /orders/track/1 | 404 | 0.0028s
2026-03-13 23:35:21.262 | INFO     | app.middleware.logging:logging_middleware:12 - GET /discounts/ | 200 | 0.0035s
2026-03-13 23:35:22.124 | INFO     | app.middleware.logging:logging_middleware:12 - POST /auth/login | 200 | 0.4108s
2026-03-13 23:35:22.129 | INFO     | app.middleware.logging:logging_middleware:12 - POST /discounts/ | 403 | 0.0031s
2026-03-13 23:35:22.603 | INFO     | app.middleware.logging:logging_middleware:12 - POST /auth/register | 200 | 0.3998s
2026-03-13 23:35:23.004 | INFO     | app.middleware.logging:logging_middleware:12 - POST /auth/login | 200 | 0.3981s
2026-03-13 23:35:23.008 | INFO     | app.middleware.logging:logging_middleware:12 - POST /discounts/ | 403 | 0.0019s
2026-03-13 23:35:23.019 | INFO     | app.middleware.logging:logging_middleware:12 - GET /discounts/1 | 200 | 0.002s
2026-03-13 23:35:23.827 | INFO     | app.middleware.logging:logging_middleware:12 - POST /auth/login | 200 | 0.3988s
2026-03-13 23:35:23.832 | INFO     | app.middleware.logging:logging_middleware:12 - PUT /discounts/1 | 403 | 0.002s
2026-03-13 23:35:24.724 | INFO     | app.middleware.logging:logging_middleware:12 - POST /auth/login | 200 | 0.4084s
2026-03-13 23:35:24.730 | INFO     | app.middleware.logging:logging_middleware:12 - DELETE /discounts/1 | 403 | 0.0027s
2026-03-13 23:36:17.906 | INFO     | app.middleware.logging:logging_middleware:12 - GET /discounts/ | 200 | 0.0035s
2026-03-13 23:36:19.482 | INFO     | app.middleware.logging:logging_middleware:12 - POST /auth/register | 200 | 0.4068s
2026-03-13 23:36:20.133 | INFO     | app.middleware.logging:logging_middleware:12 - GET /discounts/1 | 200 | 0.002s
2026-03-13 23:36:54.346 | INFO     | app.middleware.logging:logging_middleware:12 - GET /discounts/ | 200 | 0.0035s
2026-03-13 23:36:55.211 | INFO     | app.middleware.logging:logging_middleware:12 - POST /auth/login | 200 | 0.4189s
2026-03-13 23:36:55.219 | INFO     | app.middleware.logging:logging_middleware:12 - POST /discounts/ | 200 | 0.0054s
2026-03-13 23:36:55.627 | INFO     | app.middleware.logging:logging_middleware:12 - POST /auth/register | 200 | 0.4003s
2026-03-13 23:36:56.029 | INFO     | app.middleware.logging:logging_middleware:12 - POST /auth/login | 200 | 0.3995s
2026-03-13 23:36:56.034 | INFO     | app.middleware.logging:logging_middleware:12 - POST /discounts/ | 403 | 0.0021s
2026-03-13 23:36:56.044 | INFO     | app.middleware.logging:logging_middleware:12 - GET /discounts/1 | 200 | 0.0021s
2026-03-13 23:36:56.852 | INFO     | app.middleware.logging:logging_middleware:12 - POST /auth/login | 200 | 0.401s
2026-03-13 23:36:56.861 | INFO     | app.middleware.logging:logging_middleware:12 - PUT /discounts/1 | 200 | 0.0057s
2026-03-13 23:36:57.713 | INFO     | app.middleware.logging:logging_middleware:12 - POST /auth/login | 200 | 0.401s
2026-03-13 23:36:57.719 | INFO     | app.middleware.logging:logging_middleware:12 - DELETE /discounts/1 | 200 | 0.003s
2026-03-13 23:36:57.723 | INFO     | app.middleware.logging:logging_middleware:12 - GET /discounts/1 | 404 | 0.0014s
2026-03-13 23:37:28.812 | INFO     | app.middleware.logging:logging_middleware:12 - POST /auth/register | 200 | 0.4563s
2026-03-13 23:37:29.222 | INFO     | app.middleware.logging:logging_middleware:12 - POST /auth/register | 200 | 0.4034s
2026-03-13 23:37:29.625 | INFO     | app.middleware.logging:logging_middleware:12 - POST /auth/register | 400 | 0.4005s
2026-03-13 23:37:30.038 | INFO     | app.middleware.logging:logging_middleware:12 - POST /auth/register | 200 | 0.4061s
2026-03-13 23:37:30.453 | INFO     | app.middleware.logging:logging_middleware:12 - POST /auth/login | 200 | 0.4126s
2026-03-13 23:37:30.462 | INFO     | app.middleware.logging:logging_middleware:12 - POST /auth/login | 401 | 0.0023s
2026-03-13 23:37:30.469 | INFO     | app.middleware.logging:logging_middleware:12 - POST /auth/register | 422 | 0.002s
2026-03-13 23:37:30.481 | INFO     | app.middleware.logging:logging_middleware:12 - GET /discounts/ | 200 | 0.0023s
2026-03-13 23:37:31.435 | INFO     | app.middleware.logging:logging_middleware:12 - POST /auth/login | 200 | 0.4017s
2026-03-13 23:37:31.444 | INFO     | app.middleware.logging:logging_middleware:12 - POST /discounts/ | 200 | 0.0067s
2026-03-13 23:37:31.853 | INFO     | app.middleware.logging:logging_middleware:12 - POST /auth/register | 200 | 0.3995s
2026-03-13 23:37:32.256 | INFO     | app.middleware.logging:logging_middleware:12 - POST /auth/login | 200 | 0.4s
2026-03-13 23:37:32.261 | INFO     | app.middleware.logging:logging_middleware:12 - POST /discounts/ | 403 | 0.0026s
2026-03-13 23:37:32.271 | INFO     | app.middleware.logging:logging_middleware:12 - GET /discounts/1 | 200 | 0.0023s
2026-03-13 23:37:33.085 | INFO     | app.middleware.logging:logging_middleware:12 - POST /auth/login | 200 | 0.4002s
2026-03-13 23:37:33.094 | INFO     | app.middleware.logging:logging_middleware:12 - PUT /discounts/1 | 200 | 0.0051s
2026-03-13 23:37:33.901 | INFO     | app.middleware.logging:logging_middleware:12 - POST /auth/login | 200 | 0.4001s
2026-03-13 23:37:33.907 | INFO     | app.middleware.logging:logging_middleware:12 - DELETE /discounts/1 | 200 | 0.0034s
2026-03-13 23:37:33.911 | INFO     | app.middleware.logging:logging_middleware:12 - GET /discounts/1 | 404 | 0.0015s
2026-03-13 23:37:33.920 | INFO     | app.middleware.logging:logging_middleware:12 - GET /health | 200 | 0.0019s
2026-03-13 23:37:33.926 | INFO     | app.middleware.logging:logging_middleware:12 - GET /health | 200 | 0.001s
2026-03-13 23:37:33.931 | INFO     | app.middleware.logging:logging_middleware:12 - GET /nonexistent-endpoint | 404 | 0.0006s
2026-03-13 23:37:33.938 | INFO     | app.middleware.logging:logging_middleware:12 - POST /auth/register | 422 | 0.002s
2026-03-13 23:37:33.944 | INFO     | app.middleware.logging:logging_middleware:12 - POST /orders/ | 401 | 0.0015s
2026-03-13 23:37:34.351 | INFO     | app.middleware.logging:logging_middleware:12 - POST /auth/register | 200 | 0.3995s
2026-03-13 23:37:34.755 | INFO     | app.middleware.logging:logging_middleware:12 - POST /auth/login | 200 | 0.4013s
2026-03-13 23:37:53.900 | INFO     | app.middleware.logging:logging_middleware:12 - POST /orders/ | 200 | 19.141s
2026-03-13 23:37:54.364 | INFO     | app.middleware.logging:logging_middleware:12 - POST /auth/register | 200 | 0.4484s
2026-03-13 23:37:54.766 | INFO     | app.middleware.logging:logging_middleware:12 - POST /auth/login | 200 | 0.3992s
2026-03-13 23:38:13.893 | INFO     | app.middleware.logging:logging_middleware:12 - POST /orders/ | 200 | 19.1247s
2026-03-13 23:38:14.306 | INFO     | app.middleware.logging:logging_middleware:12 - POST /auth/register | 200 | 0.4041s
2026-03-13 23:38:14.720 | INFO     | app.middleware.logging:logging_middleware:12 - POST /auth/login | 200 | 0.4117s
2026-03-13 23:38:14.725 | INFO     | app.middleware.logging:logging_middleware:12 - POST /orders/ | 400 | 0.0021s
2026-03-13 23:38:14.729 | INFO     | app.middleware.logging:logging_middleware:12 - POST /orders/ | 400 | 0.0022s
2026-03-13 23:38:15.534 | INFO     | app.middleware.logging:logging_middleware:12 - POST /auth/register | 400 | 0.399s
2026-03-13 23:38:15.934 | INFO     | app.middleware.logging:logging_middleware:12 - POST /auth/login | 200 | 0.3981s
2026-03-13 23:38:15.939 | INFO     | app.middleware.logging:logging_middleware:12 - GET /orders/track/1 | 200 | 0.0026s
2026-03-13 23:38:17.142 | INFO     | app.middleware.logging:logging_middleware:12 - POST /auth/register | 400 | 0.399s
2026-03-13 23:38:17.544 | INFO     | app.middleware.logging:logging_middleware:12 - POST /auth/login | 200 | 0.3991s
2026-03-13 23:38:17.549 | INFO     | app.middleware.logging:logging_middleware:12 - GET /orders/track/1 | 404 | 0.0018s
2026-03-13 23:38:17.558 | INFO     | app.middleware.logging:logging_middleware:12 - GET /products/ | 200 | 0.0019s
2026-03-13 23:38:17.567 | INFO     | app.middleware.logging:logging_middleware:12 - GET /products/ | 200 | 0.0015s
2026-03-13 23:38:17.578 | INFO     | app.middleware.logging:logging_middleware:12 - GET /products/1 | 200 | 0.0027s
2026-03-13 23:38:17.587 | INFO     | app.middleware.logging:logging_middleware:12 - GET /products/999 | 404 | 0.0018s
2026-03-13 23:38:17.595 | INFO     | app.middleware.logging:logging_middleware:12 - GET /products/ | 200 | 0.0022s
2026-03-13 23:38:17.607 | INFO     | app.middleware.logging:logging_middleware:12 - GET /products/ | 200 | 0.0024s
2026-03-13 23:38:17.610 | INFO     | app.middleware.logging:logging_middleware:12 - GET /products/ | 200 | 0.0019s
2026-03-13 23:39:06.309 | INFO     | app.middleware.logging:logging_middleware:12 - POST /auth/register | 200 | 0.4526s
2026-03-13 23:39:06.715 | INFO     | app.middleware.logging:logging_middleware:12 - POST /auth/register | 200 | 0.399s
2026-03-13 23:39:07.116 | INFO     | app.middleware.logging:logging_middleware:12 - POST /auth/register | 400 | 0.3981s
2026-03-13 23:39:07.520 | INFO     | app.middleware.logging:logging_middleware:12 - POST /auth/register | 200 | 0.3986s
2026-03-13 23:39:07.930 | INFO     | app.middleware.logging:logging_middleware:12 - POST /auth/login | 200 | 0.4077s
2026-03-13 23:39:07.938 | INFO     | app.middleware.logging:logging_middleware:12 - POST /auth/login | 401 | 0.002s
2026-03-13 23:39:07.945 | INFO     | app.middleware.logging:logging_middleware:12 - POST /auth/register | 422 | 0.0019s
2026-03-13 23:39:07.972 | INFO     | app.middleware.logging:logging_middleware:12 - GET /discounts/ | 200 | 0.0016s
2026-03-13 23:39:09.034 | INFO     | app.middleware.logging:logging_middleware:12 - POST /auth/login | 200 | 0.6041s
2026-03-13 23:39:09.043 | INFO     | app.middleware.logging:logging_middleware:12 - POST /discounts/ | 200 | 0.0065s
2026-03-13 23:39:09.453 | INFO     | app.middleware.logging:logging_middleware:12 - POST /auth/register | 200 | 0.4017s
2026-03-13 23:39:09.855 | INFO     | app.middleware.logging:logging_middleware:12 - POST /auth/login | 200 | 0.3988s
2026-03-13 23:39:09.859 | INFO     | app.middleware.logging:logging_middleware:12 - POST /discounts/ | 403 | 0.0022s
2026-03-13 23:39:09.869 | INFO     | app.middleware.logging:logging_middleware:12 - GET /discounts/1 | 200 | 0.0019s
2026-03-13 23:39:10.674 | INFO     | app.middleware.logging:logging_middleware:12 - POST /auth/login | 200 | 0.3984s
2026-03-13 23:39:10.682 | INFO     | app.middleware.logging:logging_middleware:12 - PUT /discounts/1 | 200 | 0.0047s
2026-03-13 23:39:11.485 | INFO     | app.middleware.logging:logging_middleware:12 - POST /auth/login | 200 | 0.3978s
2026-03-13 23:39:11.493 | INFO     | app.middleware.logging:logging_middleware:12 - DELETE /discounts/1 | 200 | 0.0033s
2026-03-13 23:39:11.496 | INFO     | app.middleware.logging:logging_middleware:12 - GET /discounts/1 | 404 | 0.0015s
2026-03-13 23:39:11.504 | INFO     | app.middleware.logging:logging_middleware:12 - GET /health | 200 | 0.001s
2026-03-13 23:39:11.510 | INFO     | app.middleware.logging:logging_middleware:12 - GET /health | 200 | 0.0011s
2026-03-13 23:39:11.516 | INFO     | app.middleware.logging:logging_middleware:12 - GET /nonexistent-endpoint | 404 | 0.0006s
2026-03-13 23:39:11.522 | INFO     | app.middleware.logging:logging_middleware:12 - POST /auth/register | 422 | 0.002s
2026-03-13 23:39:11.545 | INFO     | app.middleware.logging:logging_middleware:12 - POST /orders/ | 401 | 0.0015s
2026-03-13 23:39:11.950 | INFO     | app.middleware.logging:logging_middleware:12 - POST /auth/register | 200 | 0.3986s
2026-03-13 23:39:12.350 | INFO     | app.middleware.logging:logging_middleware:12 - POST /auth/login | 200 | 0.3976s
2026-03-13 23:39:31.486 | INFO     | app.middleware.logging:logging_middleware:12 - POST /orders/ | 200 | 19.1323s
2026-03-13 23:39:31.916 | INFO     | app.middleware.logging:logging_middleware:12 - POST /auth/register | 200 | 0.412s
2026-03-13 23:39:32.334 | INFO     | app.middleware.logging:logging_middleware:12 - POST /auth/login | 200 | 0.4159s
2026-03-13 23:39:51.473 | INFO     | app.middleware.logging:logging_middleware:12 - POST /orders/ | 200 | 19.1356s
2026-03-13 23:39:51.928 | INFO     | app.middleware.logging:logging_middleware:12 - POST /auth/register | 200 | 0.4272s
2026-03-13 23:39:52.331 | INFO     | app.middleware.logging:logging_middleware:12 - POST /auth/login | 200 | 0.4002s
2026-03-13 23:39:52.335 | INFO     | app.middleware.logging:logging_middleware:12 - POST /orders/ | 400 | 0.0021s
2026-03-13 23:39:52.339 | INFO     | app.middleware.logging:logging_middleware:12 - POST /orders/ | 400 | 0.0017s
2026-03-13 23:39:53.502 | INFO     | app.middleware.logging:logging_middleware:12 - POST /auth/register | 400 | 0.757s
2026-03-13 23:39:53.926 | INFO     | app.middleware.logging:logging_middleware:12 - POST /auth/login | 200 | 0.4208s
2026-03-13 23:39:53.932 | INFO     | app.middleware.logging:logging_middleware:12 - GET /orders/track/1 | 200 | 0.003s
2026-03-13 23:39:55.200 | INFO     | app.middleware.logging:logging_middleware:12 - POST /auth/register | 400 | 0.4001s
2026-03-13 23:39:55.603 | INFO     | app.middleware.logging:logging_middleware:12 - POST /auth/login | 200 | 0.4001s
2026-03-13 23:39:55.608 | INFO     | app.middleware.logging:logging_middleware:12 - GET /orders/track/1 | 404 | 0.0019s
2026-03-13 23:39:55.620 | INFO     | app.middleware.logging:logging_middleware:12 - GET /products/ | 200 | 0.0019s
2026-03-13 23:39:55.629 | INFO     | app.middleware.logging:logging_middleware:12 - GET /products/ | 200 | 0.0017s
2026-03-13 23:39:55.640 | INFO     | app.middleware.logging:logging_middleware:12 - GET /products/1 | 200 | 0.0016s
2026-03-13 23:39:55.649 | INFO     | app.middleware.logging:logging_middleware:12 - GET /products/999 | 404 | 0.0018s
2026-03-13 23:39:55.658 | INFO     | app.middleware.logging:logging_middleware:12 - GET /products/ | 200 | 0.0023s
2026-03-13 23:39:55.676 | INFO     | app.middleware.logging:logging_middleware:12 - GET /products/ | 200 | 0.0043s
2026-03-13 23:39:55.680 | INFO     | app.middleware.logging:logging_middleware:12 - GET /products/ | 200 | 0.0019s
2026-03-13 23:41:00.209 | INFO     | app.middleware.logging:logging_middleware:12 - POST /auth/register | 200 | 0.4809s
2026-03-13 23:41:00.628 | INFO     | app.middleware.logging:logging_middleware:12 - POST /auth/register | 200 | 0.4046s
2026-03-13 23:41:01.040 | INFO     | app.middleware.logging:logging_middleware:12 - POST /auth/register | 400 | 0.4078s
2026-03-13 23:41:01.507 | INFO     | app.middleware.logging:logging_middleware:12 - POST /auth/register | 200 | 0.4564s
2026-03-13 23:41:01.925 | INFO     | app.middleware.logging:logging_middleware:12 - POST /auth/login | 200 | 0.4139s
2026-03-13 23:41:01.939 | INFO     | app.middleware.logging:logging_middleware:12 - POST /auth/login | 401 | 0.0036s
2026-03-13 23:41:01.952 | INFO     | app.middleware.logging:logging_middleware:12 - POST /auth/register | 422 | 0.0031s
2026-03-13 23:41:01.998 | INFO     | app.middleware.logging:logging_middleware:12 - GET /discounts/ | 200 | 0.004s
2026-03-13 23:41:02.811 | INFO     | app.middleware.logging:logging_middleware:12 - POST /auth/login | 200 | 0.4006s
2026-03-13 23:41:02.825 | INFO     | app.middleware.logging:logging_middleware:12 - POST /discounts/ | 200 | 0.01s
2026-03-13 23:41:03.574 | INFO     | app.middleware.logging:logging_middleware:12 - POST /auth/register | 200 | 0.7346s
2026-03-13 23:41:03.980 | INFO     | app.middleware.logging:logging_middleware:12 - POST /auth/login | 200 | 0.4019s
2026-03-13 23:41:03.987 | INFO     | app.middleware.logging:logging_middleware:12 - POST /discounts/ | 403 | 0.0034s
2026-03-13 23:41:04.006 | INFO     | app.middleware.logging:logging_middleware:12 - GET /discounts/1 | 200 | 0.0041s
2026-03-13 23:41:04.880 | INFO     | app.middleware.logging:logging_middleware:12 - POST /auth/login | 200 | 0.4428s
2026-03-13 23:41:04.896 | INFO     | app.middleware.logging:logging_middleware:12 - PUT /discounts/1 | 200 | 0.0093s
2026-03-13 23:41:05.752 | INFO     | app.middleware.logging:logging_middleware:12 - POST /auth/login | 200 | 0.4118s
2026-03-13 23:41:05.764 | INFO     | app.middleware.logging:logging_middleware:12 - DELETE /discounts/1 | 200 | 0.0065s
2026-03-13 23:41:05.771 | INFO     | app.middleware.logging:logging_middleware:12 - GET /discounts/1 | 404 | 0.0029s
2026-03-13 23:41:05.787 | INFO     | app.middleware.logging:logging_middleware:12 - GET /health | 200 | 0.002s
2026-03-13 23:41:05.801 | INFO     | app.middleware.logging:logging_middleware:12 - GET /health | 200 | 0.0026s
2026-03-13 23:41:05.813 | INFO     | app.middleware.logging:logging_middleware:12 - GET /nonexistent-endpoint | 404 | 0.0011s
2026-03-13 23:41:05.828 | INFO     | app.middleware.logging:logging_middleware:12 - POST /auth/register | 422 | 0.0045s
2026-03-13 23:41:05.876 | INFO     | app.middleware.logging:logging_middleware:12 - POST /orders/ | 401 | 0.0036s
2026-03-13 23:41:06.293 | INFO     | app.middleware.logging:logging_middleware:12 - POST /auth/register | 200 | 0.4057s
2026-03-13 23:41:06.715 | INFO     | app.middleware.logging:logging_middleware:12 - POST /auth/login | 200 | 0.4176s
2026-03-13 23:41:25.906 | INFO     | app.middleware.logging:logging_middleware:12 - POST /orders/ | 200 | 19.1858s
2026-03-13 23:41:26.342 | INFO     | app.middleware.logging:logging_middleware:12 - POST /auth/register | 200 | 0.4128s
2026-03-13 23:41:27.305 | INFO     | app.middleware.logging:logging_middleware:12 - POST /auth/login | 200 | 0.9587s
2026-03-13 23:41:46.450 | INFO     | app.middleware.logging:logging_middleware:12 - POST /orders/ | 200 | 19.1364s
2026-03-13 23:41:46.884 | INFO     | app.middleware.logging:logging_middleware:12 - POST /auth/register | 200 | 0.4061s
2026-03-13 23:41:47.288 | INFO     | app.middleware.logging:logging_middleware:12 - POST /auth/login | 200 | 0.4s
2026-03-13 23:41:47.295 | INFO     | app.middleware.logging:logging_middleware:12 - POST /orders/ | 400 | 0.0037s
2026-03-13 23:41:47.302 | INFO     | app.middleware.logging:logging_middleware:12 - POST /orders/ | 400 | 0.0034s
2026-03-13 23:41:48.114 | INFO     | app.middleware.logging:logging_middleware:12 - POST /auth/register | 400 | 0.4005s
2026-03-13 23:41:48.517 | INFO     | app.middleware.logging:logging_middleware:12 - POST /auth/login | 200 | 0.3996s
2026-03-13 23:41:48.527 | INFO     | app.middleware.logging:logging_middleware:12 - GET /orders/track/1 | 200 | 0.0049s
2026-03-13 23:41:49.745 | INFO     | app.middleware.logging:logging_middleware:12 - POST /auth/register | 400 | 0.4026s
2026-03-13 23:41:50.159 | INFO     | app.middleware.logging:logging_middleware:12 - POST /auth/login | 200 | 0.4098s
2026-03-13 23:41:50.168 | INFO     | app.middleware.logging:logging_middleware:12 - GET /orders/track/1 | 404 | 0.0037s
2026-03-13 23:41:50.186 | INFO     | app.middleware.logging:logging_middleware:12 - GET /products/ | 200 | 0.0038s
2026-03-13 23:41:50.204 | INFO     | app.middleware.logging:logging_middleware:12 - GET /products/ | 200 | 0.0037s
2026-03-13 23:41:50.222 | INFO     | app.middleware.logging:logging_middleware:12 - GET /products/1 | 200 | 0.0032s
2026-03-13 23:41:50.237 | INFO     | app.middleware.logging:logging_middleware:12 - GET /products/999 | 404 | 0.0031s
2026-03-13 23:41:50.253 | INFO     | app.middleware.logging:logging_middleware:12 - GET /products/ | 200 | 0.0042s
2026-03-13 23:41:50.273 | INFO     | app.middleware.logging:logging_middleware:12 - GET /products/ | 200 | 0.0049s
2026-03-13 23:41:50.281 | INFO     | app.middleware.logging:logging_middleware:12 - GET /products/ | 200 | 0.0042s
